<?xml version="1.0" encoding="UTF-8"?>
<!-- Generated by org.testng.reporters.JUnitXMLReporter -->
<testsuite ignored="0" hostname="DESKTOP-0G8Q692" failures="0" tests="9" name="Default test" time="26.254" errors="0" timestamp="2023-10-11T16:47:58 IST">
  <testcase classname="api.test.DataDrivenTest" name="testPostuser" time="4.638"/>
  <testcase classname="api.test.DataDrivenTest" name="testPostuser" time="1.936"/>
  <testcase classname="api.test.DataDrivenTest" name="testPostuser" time="1.944"/>
  <testcase classname="api.test.DataDrivenTest" name="testGetUserByName" time="2.57"/>
  <testcase classname="api.test.DataDrivenTest" name="testGetUserByName" time="2.446"/>
  <testcase classname="api.test.DataDrivenTest" name="testGetUserByName" time="2.957"/>
  <testcase classname="api.test.DataDrivenTest" name="testDeleteUserByName" time="2.048"/>
  <testcase classname="api.test.DataDrivenTest" name="testDeleteUserByName" time="3.251"/>
  <testcase classname="api.test.DataDrivenTest" name="testDeleteUserByName" time="2.568"/>
</testsuite> <!-- Default test -->
