<?xml version="1.0" encoding="UTF-8"?>
<testsuite xmlns:xsi="http://www.w3.org/2001/XMLSchema-instance" xsi:noNamespaceSchemaLocation="https://maven.apache.org/surefire/maven-surefire-plugin/xsd/surefire-test-report-3.0.xsd" version="3.0" name="TestSuite" time="17.487" tests="4" errors="0" skipped="0" failures="0">
  <properties>
[...]
</properties>
  <testcase name="testPostUser" classname="api.test.UserTestCase2" time="5.357">
    <system-out><![CDATA[DEBUG StatusConsoleListener Apache Log4j Core 2.20 initializing configuration XmlConfiguration[location=E:\RestAssuredLearning\RestAssuredFrameWork\target\test-classes\log4j2.xml]
DEBUG StatusConsoleListener PluginManager 'Core' found 130 plugins
DEBUG StatusConsoleListener PluginManager 'Level' found 0 plugins
DEBUG StatusConsoleListener Building Plugin[name=property, class=org.apache.logging.log4j.core.config.Property].
DEBUG StatusConsoleListener PluginManager 'TypeConverter' found 26 plugins
DEBUG StatusConsoleListener createProperty(name="basePath", value="./logs", Configuration(E:\RestAssuredLearning\RestAssuredFrameWork\target\test-classes\log4j2.xml))
DEBUG StatusConsoleListener Building Plugin[name=properties, class=org.apache.logging.log4j.core.config.PropertiesPlugin].
DEBUG StatusConsoleListener configureSubstitutor(={basePath=./logs}, Configuration(E:\RestAssuredLearning\RestAssuredFrameWork\target\test-classes\log4j2.xml))
DEBUG StatusConsoleListener PluginManager 'Lookup' found 16 plugins
DEBUG StatusConsoleListener Building Plugin[name=layout, class=org.apache.logging.log4j.core.layout.PatternLayout].
DEBUG StatusConsoleListener PatternLayout$Builder(pattern="%d{HH:mm:ss.SSS} [%t] %-5level %logger{36} - %msg%n", PatternSelector=null, Configuration(E:\RestAssuredLearning\RestAssuredFrameWork\target\test-classes\log4j2.xml), Replace=null, charset="null", alwaysWriteExceptions="null", disableAnsi="null", noConsoleNoAnsi="null", header="null", footer="null")
DEBUG StatusConsoleListener PluginManager 'Converter' found 45 plugins
DEBUG StatusConsoleListener Building Plugin[name=appender, class=org.apache.logging.log4j.core.appender.ConsoleAppender].
DEBUG StatusConsoleListener ConsoleAppender$Builder(target="SYSTEM_OUT", follow="null", direct="null", bufferedIo="null", bufferSize="null", immediateFlush="null", ignoreExceptions="null", PatternLayout(%d{HH:mm:ss.SSS} [%t] %-5level %logger{36} - %msg%n), name="LogToConsole", Configuration(E:\RestAssuredLearning\RestAssuredFrameWork\target\test-classes\log4j2.xml), Filter=null, ={})
DEBUG StatusConsoleListener Starting OutputStreamManager SYSTEM_OUT.false.false
DEBUG StatusConsoleListener Building Plugin[name=layout, class=org.apache.logging.log4j.core.layout.PatternLayout].
DEBUG StatusConsoleListener PatternLayout$Builder(pattern="%d %p %c{1.} [%t] %m%n", PatternSelector=null, Configuration(E:\RestAssuredLearning\RestAssuredFrameWork\target\test-classes\log4j2.xml), Replace=null, charset="null", alwaysWriteExceptions="null", disableAnsi="null", noConsoleNoAnsi="null", header="null", footer="null")
DEBUG StatusConsoleListener Building Plugin[name=TimeBasedTriggeringPolicy, class=org.apache.logging.log4j.core.appender.rolling.TimeBasedTriggeringPolicy].
DEBUG StatusConsoleListener TimeBasedTriggeringPolicy$Builder(interval="null", modulate="null", maxRandomDelay="null")
DEBUG StatusConsoleListener Building Plugin[name=SizeBasedTriggeringPolicy, class=org.apache.logging.log4j.core.appender.rolling.SizeBasedTriggeringPolicy].
DEBUG StatusConsoleListener createPolicy(size="10 MB")
DEBUG StatusConsoleListener Building Plugin[name=Policies, class=org.apache.logging.log4j.core.appender.rolling.CompositeTriggeringPolicy].
DEBUG StatusConsoleListener createPolicy(={TimeBasedTriggeringPolicy(nextRolloverMillis=0, interval=1, modulate=false), SizeBasedTriggeringPolicy(size=10485760)})
DEBUG StatusConsoleListener Building Plugin[name=appender, class=org.apache.logging.log4j.core.appender.RollingFileAppender].
DEBUG StatusConsoleListener RollingFileAppender$Builder(fileName="./logs/app.log", filePattern="./logs/${date:yyyy-MM}/app-%d{MM-dd-yyyy}-%i.log.gz", append="null", locking="null", Policies(CompositeTriggeringPolicy(policies=[TimeBasedTriggeringPolicy(nextRolloverMillis=0, interval=1, modulate=false), SizeBasedTriggeringPolicy(size=10485760)])), Strategy=null, advertise="null", advertiseUri="null", createOnDemand="null", filePermissions="null", fileOwner="null", fileGroup="null", bufferedIo="null", bufferSize="null", immediateFlush="null", ignoreExceptions="null", PatternLayout(%d %p %c{1.} [%t] %m%n), name="LogToRollingFile", Configuration(E:\RestAssuredLearning\RestAssuredFrameWork\target\test-classes\log4j2.xml), Filter=null, ={})
DEBUG StatusConsoleListener Returning file creation time for E:\RestAssuredLearning\RestAssuredFrameWork\.\logs\app.log
DEBUG StatusConsoleListener Starting RollingFileManager ./logs/app.log
DEBUG StatusConsoleListener PluginManager 'FileConverter' found 2 plugins
DEBUG StatusConsoleListener Setting prev file time to 2023-10-12T10:14:13.890+0530
DEBUG StatusConsoleListener Initializing triggering policy CompositeTriggeringPolicy(policies=[TimeBasedTriggeringPolicy(nextRolloverMillis=0, interval=1, modulate=false), SizeBasedTriggeringPolicy(size=10485760)])
DEBUG StatusConsoleListener Initializing triggering policy TimeBasedTriggeringPolicy(nextRolloverMillis=0, interval=1, modulate=false)
DEBUG StatusConsoleListener Initializing triggering policy SizeBasedTriggeringPolicy(size=10485760)
DEBUG StatusConsoleListener Building Plugin[name=appenders, class=org.apache.logging.log4j.core.config.AppendersPlugin].
DEBUG StatusConsoleListener createAppenders(={LogToConsole, LogToRollingFile})
DEBUG StatusConsoleListener Building Plugin[name=AppenderRef, class=org.apache.logging.log4j.core.config.AppenderRef].
DEBUG StatusConsoleListener createAppenderRef(ref="LogToRollingFile", level="null", Filter=null)
DEBUG StatusConsoleListener Building Plugin[name=AppenderRef, class=org.apache.logging.log4j.core.config.AppenderRef].
DEBUG StatusConsoleListener createAppenderRef(ref="LogToConsole", level="null", Filter=null)
DEBUG StatusConsoleListener Building Plugin[name=logger, class=org.apache.logging.log4j.core.config.LoggerConfig].
DEBUG StatusConsoleListener LoggerConfig$Builder(additivity="false", level="DEBUG", levelAndRefs="null", name="com.mkyong", includeLocation="null", ={LogToRollingFile, LogToConsole}, ={}, Configuration(E:\RestAssuredLearning\RestAssuredFrameWork\target\test-classes\log4j2.xml), Filter=null)
DEBUG StatusConsoleListener Building Plugin[name=AppenderRef, class=org.apache.logging.log4j.core.config.AppenderRef].
DEBUG StatusConsoleListener createAppenderRef(ref="LogToConsole", level="null", Filter=null)
DEBUG StatusConsoleListener Building Plugin[name=logger, class=org.apache.logging.log4j.core.config.LoggerConfig].
DEBUG StatusConsoleListener LoggerConfig$Builder(additivity="false", level="ERROR", levelAndRefs="null", name="org.springframework.boot", includeLocation="null", ={LogToConsole}, ={}, Configuration(E:\RestAssuredLearning\RestAssuredFrameWork\target\test-classes\log4j2.xml), Filter=null)
DEBUG StatusConsoleListener Building Plugin[name=AppenderRef, class=org.apache.logging.log4j.core.config.AppenderRef].
DEBUG StatusConsoleListener createAppenderRef(ref="LogToRollingFile", level="null", Filter=null)
DEBUG StatusConsoleListener Building Plugin[name=AppenderRef, class=org.apache.logging.log4j.core.config.AppenderRef].
DEBUG StatusConsoleListener createAppenderRef(ref="LogToConsole", level="null", Filter=null)
DEBUG StatusConsoleListener Building Plugin[name=root, class=org.apache.logging.log4j.core.config.LoggerConfig$RootLogger].
DEBUG StatusConsoleListener LoggerConfig$RootLogger$Builder(additivity="null", level="INFO", levelAndRefs="null", includeLocation="null", ={LogToRollingFile, LogToConsole}, ={}, Configuration(E:\RestAssuredLearning\RestAssuredFrameWork\target\test-classes\log4j2.xml), Filter=null)
DEBUG StatusConsoleListener Building Plugin[name=loggers, class=org.apache.logging.log4j.core.config.LoggersPlugin].
DEBUG StatusConsoleListener createLoggers(={com.mkyong, org.springframework.boot, root})
DEBUG StatusConsoleListener Configuration XmlConfiguration[location=E:\RestAssuredLearning\RestAssuredFrameWork\target\test-classes\log4j2.xml] initialized
DEBUG StatusConsoleListener Starting configuration XmlConfiguration[location=E:\RestAssuredLearning\RestAssuredFrameWork\target\test-classes\log4j2.xml]
DEBUG StatusConsoleListener Started configuration XmlConfiguration[location=E:\RestAssuredLearning\RestAssuredFrameWork\target\test-classes\log4j2.xml] OK.
DEBUG StatusConsoleListener Shutting down OutputStreamManager SYSTEM_OUT.false.false-1
DEBUG StatusConsoleListener OutputStream closed
DEBUG StatusConsoleListener Shut down OutputStreamManager SYSTEM_OUT.false.false-1, all resources released: true
DEBUG StatusConsoleListener Appender DefaultConsole-1 stopped with status true
DEBUG StatusConsoleListener Stopped org.apache.logging.log4j.core.config.DefaultConfiguration@723877dd OK
DEBUG StatusConsoleListener Registering MBean org.apache.logging.log4j2:type=70dea4e
DEBUG StatusConsoleListener Registering MBean org.apache.logging.log4j2:type=70dea4e,component=StatusLogger
DEBUG StatusConsoleListener Registering MBean org.apache.logging.log4j2:type=70dea4e,component=ContextSelector
DEBUG StatusConsoleListener Registering MBean org.apache.logging.log4j2:type=70dea4e,component=Loggers,name=org.springframework.boot
DEBUG StatusConsoleListener Registering MBean org.apache.logging.log4j2:type=70dea4e,component=Loggers,name=
DEBUG StatusConsoleListener Registering MBean org.apache.logging.log4j2:type=70dea4e,component=Loggers,name=com.mkyong
DEBUG StatusConsoleListener Registering MBean org.apache.logging.log4j2:type=70dea4e,component=Appenders,name=LogToConsole
DEBUG StatusConsoleListener Registering MBean org.apache.logging.log4j2:type=70dea4e,component=Appenders,name=LogToRollingFile
DEBUG StatusConsoleListener org.apache.logging.log4j.core.util.SystemClock supports precise timestamps.
DEBUG StatusConsoleListener Reconfiguration complete for context[name=70dea4e] at URI E:\RestAssuredLearning\RestAssuredFrameWork\target\test-classes\log4j2.xml (org.apache.logging.log4j.core.LoggerContext@2be818da) with optional ClassLoader: null
DEBUG StatusConsoleListener Shutdown hook enabled. Registering a new one.
DEBUG StatusConsoleListener LoggerContext[name=70dea4e, org.apache.logging.log4j.core.LoggerContext@2be818da] started OK.
10:45:54.671 [main] INFO  api.test.UserTestCase2 - ********************Creating User **************************
HTTP/1.1 200 OK
Date: Thu, 12 Oct 2023 05:15:59 GMT
Content-Type: application/json
Transfer-Encoding: chunked
Connection: keep-alive
Access-Control-Allow-Origin: *
Access-Control-Allow-Methods: GET, POST, DELETE, PUT
Access-Control-Allow-Headers: Content-Type, api_key, Authorization
Server: Jetty(9.2.9.v20150224)

{
    "code": 200,
    "type": "unknown",
    "message": "1731656333"
}
10:46:00.017 [main] INFO  api.test.UserTestCase2 - ********************User is Created **************************
]]></system-out>
    <system-err><![CDATA[SLF4J: Failed to load class "org.slf4j.impl.StaticLoggerBinder".
SLF4J: Defaulting to no-operation (NOP) logger implementation
SLF4J: See http://www.slf4j.org/codes.html#StaticLoggerBinder for further details.
]]></system-err>
  </testcase>
  <testcase name="testGetUser" classname="api.test.UserTestCase2" time="2.208">
    <system-out><![CDATA[10:46:00.039 [main] INFO  api.test.UserTestCase2 - ********************Reading User Info **************************
HTTP/1.1 200 OK
Date: Thu, 12 Oct 2023 05:16:01 GMT
Content-Type: application/json
Transfer-Encoding: chunked
Connection: keep-alive
Access-Control-Allow-Origin: *
Access-Control-Allow-Methods: GET, POST, DELETE, PUT
Access-Control-Allow-Headers: Content-Type, api_key, Authorization
Server: Jetty(9.2.9.v20150224)

{
    "id": 1731656333,
    "username": "martha.murphy",
    "firstName": "Simon",
    "lastName": "Jast",
    "email": "edgar.koch@example.com",
    "password": "sb1tp",
    "phone": "1-737-791-6100",
    "userStatus": 0
}
10:46:02.241 [main] INFO  api.test.UserTestCase2 - ********************User info is displayed **************************
]]></system-out>
  </testcase>
  <testcase name="testUpdateUser" classname="api.test.UserTestCase2" time="4.497">
    <system-out><![CDATA[10:46:02.245 [main] INFO  api.test.UserTestCase2 - ********************Updating User **************************
{
    "code": 200,
    "type": "unknown",
    "message": "1731656333"
}
10:46:06.745 [main] INFO  api.test.UserTestCase2 - ********************User Updated **************************
]]></system-out>
  </testcase>
  <testcase name="testDeleteUser" classname="api.test.UserTestCase2" time="2.465">
    <system-out><![CDATA[10:46:06.748 [main] INFO  api.test.UserTestCase2 - ********************Deleting User **************************
HTTP/1.1 200 OK
Date: Thu, 12 Oct 2023 05:16:08 GMT
Content-Type: application/json
Transfer-Encoding: chunked
Connection: keep-alive
Access-Control-Allow-Origin: *
Access-Control-Allow-Methods: GET, POST, DELETE, PUT
Access-Control-Allow-Headers: Content-Type, api_key, Authorization
Server: Jetty(9.2.9.v20150224)

{
    "code": 200,
    "type": "unknown",
    "message": "martha.murphy"
}
10:46:09.202 [main] INFO  api.test.UserTestCase2 - ********************User Deleted **************************
]]></system-out>
  </testcase>
</testsuite>