<?xml version="1.0" encoding="UTF-8"?>
<testng-results ignored="0" total="4" passed="4" failed="0" skipped="0">
  <reporter-output>
  </reporter-output>
  <suite started-at="2023-10-12T10:14:11 IST" name="PetSuite" finished-at="2023-10-12T10:14:26 IST" duration-ms="14939">
    <groups>
    </groups>
    <test started-at="2023-10-12T10:14:11 IST" name="PetTest" finished-at="2023-10-12T10:14:26 IST" duration-ms="14939">
      <class name="api.test.UserTestCase2">
        <test-method is-config="true" signature="setUpData()[pri:0, instance:api.test.UserTestCase2@55182842]" started-at="2023-10-12T10:14:11 IST" name="setUpData" finished-at="2023-10-12T10:14:13 IST" duration-ms="2042" status="PASS">
          <reporter-output>
          </reporter-output>
        </test-method> <!-- setUpData -->
        <test-method signature="testPostUser()[pri:1, instance:api.test.UserTestCase2@55182842]" started-at="2023-10-12T10:14:13 IST" name="testPostUser" finished-at="2023-10-12T10:14:19 IST" duration-ms="5525" status="PASS">
          <reporter-output>
          </reporter-output>
        </test-method> <!-- testPostUser -->
        <test-method signature="testGetUser()[pri:2, instance:api.test.UserTestCase2@55182842]" started-at="2023-10-12T10:14:19 IST" name="testGetUser" finished-at="2023-10-12T10:14:21 IST" depends-on-methods="api.test.UserTestCase2.testPostUser" duration-ms="2260" status="PASS">
          <reporter-output>
          </reporter-output>
        </test-method> <!-- testGetUser -->
        <test-method signature="testUpdateUser()[pri:3, instance:api.test.UserTestCase2@55182842]" started-at="2023-10-12T10:14:21 IST" name="testUpdateUser" finished-at="2023-10-12T10:14:24 IST" depends-on-methods="api.test.UserTestCase2.testPostUser" duration-ms="3033" status="PASS">
          <reporter-output>
          </reporter-output>
        </test-method> <!-- testUpdateUser -->
        <test-method signature="testDeleteUser()[pri:4, instance:api.test.UserTestCase2@55182842]" started-at="2023-10-12T10:14:24 IST" name="testDeleteUser" finished-at="2023-10-12T10:14:26 IST" depends-on-methods="api.test.UserTestCase2.testPostUser" duration-ms="1346" status="PASS">
          <reporter-output>
          </reporter-output>
        </test-method> <!-- testDeleteUser -->
      </class> <!-- api.test.UserTestCase2 -->
    </test> <!-- PetTest -->
  </suite> <!-- PetSuite -->
</testng-results>
